<?xml version="1.0" encoding="UTF-8"?>
<!-- Generated by org.testng.reporters.JUnitReportReporter -->
<testsuite hostname="PDs-MacBook-Pro.local" failures="0" tests="1" name="test.com.itexps.GoogleTest" time="23.103" errors="0" timestamp="25 Nov 2024 04:57:49 GMT">
  <testcase classname="test.com.itexps.GoogleTest" name="testGoogle" time="23.103"/>
</testsuite> <!-- test.com.itexps.GoogleTest -->
